<?xml version="1.0" encoding="UTF-8"?>
<!-- Generated by org.testng.reporters.JUnitReportReporter -->
<testsuite hostname="DESKTOP-E04GLGP" failures="0" tests="1" name="org.differentTypesofPayloads.UsingHashMap" time="5.152" errors="0" timestamp="2023-02-21T07:56:32 IST" skipped="0">
  <testcase classname="org.differentTypesofPayloads.UsingHashMap" name="sendingPayloadUsingHashmap" time="5.152"/>
  <system-out/>
</testsuite> <!-- org.differentTypesofPayloads.UsingHashMap -->
