<?xml version="1.0" encoding="UTF-8"?>
<!-- Generated by org.testng.reporters.JUnitReportReporter -->
<testsuite hostname="DESKTOP-E04GLGP" failures="0" tests="1" name="org.deserialization.Deserializer" time="0.662" errors="0" timestamp="2023-02-21T09:17:33 IST" skipped="0">
  <testcase classname="org.deserialization.Deserializer" name="usingJson" time="0.662"/>
  <system-out/>
</testsuite> <!-- org.deserialization.Deserializer -->
