<?xml version="1.0" encoding="UTF-8"?>
<!-- Generated by org.testng.reporters.JUnitReportReporter -->
<testsuite hostname="DESKTOP-E04GLGP" failures="0" tests="1" name="org.jsonSchemaValidation.JsonSchemaValidation" time="3.925" errors="0" timestamp="2023-02-21T10:31:36 IST" skipped="0">
  <testcase classname="org.jsonSchemaValidation.JsonSchemaValidation" name="toValidataSchema" time="3.925"/>
  <system-out/>
</testsuite> <!-- org.jsonSchemaValidation.JsonSchemaValidation -->
