<?xml version="1.0" encoding="UTF-8"?>
<!-- Generated by org.testng.reporters.JUnitReportReporter -->
<testsuite hostname="DESKTOP-E04GLGP" failures="0" tests="1" name="org.fileUpload.FileUpload" time="4.680" errors="0" timestamp="2023-02-20T19:21:40 IST" skipped="0">
  <testcase classname="org.fileUpload.FileUpload" name="toValidateSuccessMessage" time="4.680"/>
  <system-out/>
</testsuite> <!-- org.fileUpload.FileUpload -->
