<?xml version="1.0" encoding="UTF-8"?>
<!-- Generated by org.testng.reporters.JUnitReportReporter -->
<testsuite hostname="DESKTOP-E04GLGP" failures="0" tests="1" name="org.parsingXmlBody.RandomXmlResponse" time="5.609" errors="0" timestamp="2023-02-21T11:26:07 IST" skipped="0">
  <testcase classname="org.parsingXmlBody.RandomXmlResponse" name="toValidateField" time="5.609"/>
  <system-out/>
</testsuite> <!-- org.parsingXmlBody.RandomXmlResponse -->
