<?xml version="1.0" encoding="UTF-8"?>
<!-- Generated by org.testng.reporters.JUnitReportReporter -->
<testsuite hostname="DESKTOP-E04GLGP" failures="0" tests="4" name="org.restAssuredTopics.NonBddStyle" time="6.068" errors="0" timestamp="2023-02-20T13:16:01 IST" skipped="0">
  <testcase classname="org.restAssuredTopics.NonBddStyle" name="getEmployees" time="5.120"/>
  <system-out/>
  <testcase classname="org.restAssuredTopics.NonBddStyle" name="createEmployees" time="0.609"/>
  <system-out/>
  <testcase classname="org.restAssuredTopics.NonBddStyle" name="updateEmployees" time="0.276"/>
  <system-out/>
  <testcase classname="org.restAssuredTopics.NonBddStyle" name="deleteEmployees" time="0.063"/>
  <system-out/>
</testsuite> <!-- org.restAssuredTopics.NonBddStyle -->
