<?xml version="1.0" encoding="UTF-8"?>
<!-- Generated by org.testng.reporters.JUnitReportReporter -->
<testsuite hostname="DESKTOP-E04GLGP" failures="0" tests="1" name="org.authorization.BasicAuth" time="7.125" errors="0" timestamp="2023-02-20T18:26:51 IST" skipped="0">
  <testcase classname="org.authorization.BasicAuth" name="toValidateBasicAuth" time="7.125"/>
  <system-out/>
</testsuite> <!-- org.authorization.BasicAuth -->
