<?xml version="1.0" encoding="UTF-8"?>
<!-- Generated by org.testng.reporters.JUnitReportReporter -->
<testsuite hostname="DESKTOP-E04GLGP" failures="0" tests="1" name="org.authorization.DigestAuth" time="6.306" errors="0" timestamp="2023-02-20T19:28:03 IST" skipped="0">
  <testcase classname="org.authorization.DigestAuth" name="toValidateBasicAuth" time="6.306"/>
  <system-out/>
</testsuite> <!-- org.authorization.DigestAuth -->
