<?xml version="1.0" encoding="UTF-8"?>
<!-- Generated by org.testng.reporters.JUnitReportReporter -->
<testsuite hostname="DESKTOP-E04GLGP" failures="0" tests="1" name="org.restAssuredTopics.RandomJsonResponse" time="3.020" errors="0" timestamp="2023-02-21T11:47:43 IST" skipped="0">
  <testcase classname="org.restAssuredTopics.RandomJsonResponse" name="tovalidateRandomJsonResponse" time="3.020"/>
  <system-out/>
</testsuite> <!-- org.restAssuredTopics.RandomJsonResponse -->
