<?xml version="1.0" encoding="UTF-8"?>
<!-- Generated by org.testng.reporters.JUnitReportReporter -->
<testsuite hostname="DESKTOP-E04GLGP" failures="0" tests="1" name="org.parsingXmlBody.NonBddStyle" time="4.193" errors="0" timestamp="2023-02-21T11:13:33 IST" skipped="0">
  <testcase classname="org.parsingXmlBody.NonBddStyle" name="toValidateField" time="4.193"/>
  <system-out/>
</testsuite> <!-- org.parsingXmlBody.NonBddStyle -->
