<?xml version="1.0" encoding="UTF-8"?>
<!-- Generated by org.testng.reporters.JUnitReportReporter -->
<testsuite hostname="DESKTOP-E04GLGP" failures="0" tests="1" name="org.restAssuredTopics.SimplePractice" time="3.730" errors="0" timestamp="2023-02-20T10:42:23 IST" skipped="0">
  <testcase classname="org.restAssuredTopics.SimplePractice" name="getEmployees" time="3.730"/>
  <system-out/>
</testsuite> <!-- org.restAssuredTopics.SimplePractice -->
