<?xml version="1.0" encoding="UTF-8"?>
<!-- Generated by org.testng.reporters.JUnitReportReporter -->
<testsuite hostname="DESKTOP-E04GLGP" failures="0" tests="1" name="org.authorization.ApiKey" time="5.525" errors="0" timestamp="2023-02-20T18:41:30 IST" skipped="0">
  <testcase classname="org.authorization.ApiKey" name="toValidateApiKeyMessage" time="5.525"/>
  <system-out/>
</testsuite> <!-- org.authorization.ApiKey -->
