<?xml version="1.0" encoding="UTF-8"?>
<!-- Generated by org.testng.reporters.JUnitReportReporter -->
<testsuite hostname="DESKTOP-E04GLGP" failures="0" tests="4" name="org.restAssuredTopics.BddStyle" time="6.001" errors="0" timestamp="2023-02-20T13:33:21 IST" skipped="0">
  <testcase classname="org.restAssuredTopics.BddStyle" name="getEmployees" time="5.650"/>
  <system-out/>
  <testcase classname="org.restAssuredTopics.BddStyle" name="createEmployee" time="0.209"/>
  <system-out/>
  <testcase classname="org.restAssuredTopics.BddStyle" name="updateEmployee" time="0.074"/>
  <system-out/>
  <testcase classname="org.restAssuredTopics.BddStyle" name="deleteEmployee" time="0.068"/>
  <system-out/>
</testsuite> <!-- org.restAssuredTopics.BddStyle -->
