<?xml version="1.0" encoding="UTF-8"?>
<!-- Generated by org.testng.reporters.JUnitReportReporter -->
<testsuite hostname="DESKTOP-E04GLGP" failures="0" tests="1" name="org.parsingXmlBody.BddStyle" time="4.377" errors="0" timestamp="2023-02-21T11:09:27 IST" skipped="0">
  <testcase classname="org.parsingXmlBody.BddStyle" name="toValidateField" time="4.377"/>
  <system-out/>
</testsuite> <!-- org.parsingXmlBody.BddStyle -->
