<?xml version="1.0" encoding="UTF-8"?>
<!-- Generated by org.testng.reporters.JUnitReportReporter -->
<testsuite hostname="DESKTOP-E04GLGP" failures="0" tests="1" name="org.differentTypesofPayloads.UsingJsonObject" time="4.295" errors="0" timestamp="2023-02-21T08:19:34 IST" skipped="0">
  <testcase classname="org.differentTypesofPayloads.UsingJsonObject" name="sendingPayloadUsingStringVariable" time="4.295"/>
  <system-out/>
</testsuite> <!-- org.differentTypesofPayloads.UsingJsonObject -->
