<?xml version="1.0" encoding="UTF-8"?>
<!-- Generated by org.testng.reporters.JUnitReportReporter -->
<testsuite hostname="DESKTOP-E04GLGP" failures="0" tests="1" name="org.differentTypesofPayloads.usingString" time="4.181" errors="0" timestamp="2023-02-21T08:01:31 IST" skipped="0">
  <testcase classname="org.differentTypesofPayloads.usingString" name="sendingPayloadUsingStringVariable" time="4.181"/>
  <system-out/>
</testsuite> <!-- org.differentTypesofPayloads.usingString -->
