<?xml version="1.0" encoding="UTF-8"?>
<!-- Generated by org.testng.reporters.JUnitReportReporter -->
<testsuite hostname="DESKTOP-E04GLGP" failures="0" tests="1" name="org.authorization.BearerToken" time="7.284" errors="0" timestamp="2023-02-20T19:11:15 IST" skipped="0">
  <testcase classname="org.authorization.BearerToken" name="toValidateSuccessMessage" time="7.284"/>
  <system-out/>
</testsuite> <!-- org.authorization.BearerToken -->
