<?xml version="1.0" encoding="UTF-8"?>
<!-- Generated by org.testng.reporters.JUnitReportReporter -->
<testsuite hostname="DESKTOP-E04GLGP" failures="0" tests="1" name="org.serialization.Serializer" time="5.318" errors="0" timestamp="2023-02-21T09:00:40 IST" skipped="0">
  <testcase classname="org.serialization.Serializer" name="UsingPojoObject" time="5.318"/>
  <system-out/>
</testsuite> <!-- org.serialization.Serializer -->
